<?xml version="1.0" encoding="UTF-8"?>
<!-- Generated by org.testng.reporters.JUnitReportReporter -->
<testsuite skipped="0" hostname="DESKTOP-NP0C5JN" name="com.dollardays.testcases.Team1LoginTestcase" tests="6" failures="0" timestamp="2020-10-07T18:00:16 MST" time="366.756" errors="0">
  <testcase name="tc_02_SignInPageValidUsername_EmptyPassword" time="56.797" classname="com.dollardays.testcases.Team1LoginTestcase"/>
  <system-out/>
  <testcase name="tc_05_SignInPageValidEmailAddress_InvalidPassword" time="62.093" classname="com.dollardays.testcases.Team1LoginTestcase"/>
  <system-out/>
  <testcase name="tc_04_SignInPageInValidEmailAddressFormat" time="54.422" classname="com.dollardays.testcases.Team1LoginTestcase"/>
  <system-out/>
  <testcase name="tc_SignInPage_Display_SignIn_Name" time="70.777" classname="com.dollardays.testcases.Team1LoginTestcase"/>
  <system-out/>
  <testcase name="tc_03_SignInPageEmptyUsername_EmptyPassword" time="55.598" classname="com.dollardays.testcases.Team1LoginTestcase"/>
  <system-out/>
  <testcase name="tc_01_SignInPage_ValidUsername_Password" time="67.069" classname="com.dollardays.testcases.Team1LoginTestcase"/>
  <system-out/>
</testsuite> <!-- com.dollardays.testcases.Team1LoginTestcase -->
