<?xml version="1.0" encoding="UTF-8"?>
<!-- Generated by org.testng.reporters.JUnitReportReporter -->
<testsuite skipped="1" hostname="DESKTOP-NP0C5JN" name="com.dollardays.testcases.Team1HomePageTestcase" tests="9" failures="0" timestamp="2020-10-07T18:00:16 MST" time="146.939" errors="0">
  <testcase name="tc_verfiySignInList" time="13.049" classname="com.dollardays.testcases.Team1HomePageTestcase"/>
  <system-out/>
  <testcase name="tc_verfiyWishListLogo" time="23.251" classname="com.dollardays.testcases.Team1HomePageTestcase"/>
  <system-out/>
  <testcase name="tc_verfiyDdLogo" time="24.845" classname="com.dollardays.testcases.Team1HomePageTestcase"/>
  <system-out/>
  <testcase name="tc_06_CheckPageTitle" time="14.122" classname="com.dollardays.testcases.Team1HomePageTestcase"/>
  <system-out/>
  <testcase name="tc_verfiySignInLogo" time="15.273" classname="com.dollardays.testcases.Team1HomePageTestcase"/>
  <system-out/>
  <testcase name="tc_verfiyCartLogo" time="13.456" classname="com.dollardays.testcases.Team1HomePageTestcase"/>
  <system-out/>
  <testcase name="tc_verfiyWishList" time="26.345" classname="com.dollardays.testcases.Team1HomePageTestcase"/>
  <system-out/>
  <testcase name="tc_verfiySearchBar" time="16.598" classname="com.dollardays.testcases.Team1HomePageTestcase"/>
  <system-out/>
  <testcase name="tc_verfiyFooterLinks" classname="com.dollardays.testcases.Team1HomePageTestcase">
    <skipped/>
  </testcase> <!-- tc_verfiyFooterLinks -->
  <system-out/>
</testsuite> <!-- com.dollardays.testcases.Team1HomePageTestcase -->
