<?xml version="1.0" encoding="UTF-8"?>
<!-- Generated by org.testng.reporters.JUnitReportReporter -->
<testsuite skipped="0" hostname="DESKTOP-NP0C5JN" name="com.dollardays.testcases.Team1CreateAccountTestCase" tests="1" failures="0" timestamp="2020-10-07T18:00:16 MST" time="63.040" errors="0">
  <testcase name="createlogin" time="63.040" classname="com.dollardays.testcases.Team1CreateAccountTestCase"/>
  <system-out/>
</testsuite> <!-- com.dollardays.testcases.Team1CreateAccountTestCase -->
