<?xml version="1.0" encoding="UTF-8"?>
<!-- Generated by org.testng.reporters.JUnitReportReporter -->
<testsuite skipped="0" hostname="DESKTOP-NP0C5JN" name="com.dollardays.testcases.CreateAccountTestCase" tests="1" failures="0" timestamp="2020-09-11T18:05:30 MST" time="14.173" errors="0">
  <testcase name="createlogin" time="14.173" classname="com.dollardays.testcases.CreateAccountTestCase"/>
  <system-out/>
</testsuite> <!-- com.dollardays.testcases.CreateAccountTestCase -->
