<?xml version="1.0" encoding="UTF-8"?>
<!-- Generated by org.testng.reporters.JUnitReportReporter -->
<testsuite skipped="0" hostname="DESKTOP-NP0C5JN" name="com.dollardays.testcases.LoginTestcase" tests="6" failures="0" timestamp="2020-09-11T18:05:30 MST" time="102.620" errors="0">
  <testcase name="tc_05_SignInPageValidEmailAddress_InvalidPassword" time="15.887" classname="com.dollardays.testcases.LoginTestcase"/>
  <system-out/>
  <testcase name="tc_03_SignInPageEmptyUsername_EmptyPassword" time="14.615" classname="com.dollardays.testcases.LoginTestcase"/>
  <system-out/>
  <testcase name="tc_SignInPage_Display_SignIn_Name" time="18.028" classname="com.dollardays.testcases.LoginTestcase"/>
  <system-out/>
  <testcase name="tc_02_SignInPageValidUsername_EmptyPassword" time="18.889" classname="com.dollardays.testcases.LoginTestcase"/>
  <system-out/>
  <testcase name="tc_01_SignInPage_ValidUsername_Password" time="19.894" classname="com.dollardays.testcases.LoginTestcase"/>
  <system-out/>
  <testcase name="tc_04_SignInPageInValidEmailAddressFormat" time="15.307" classname="com.dollardays.testcases.LoginTestcase"/>
  <system-out/>
</testsuite> <!-- com.dollardays.testcases.LoginTestcase -->
