<?xml version="1.0" encoding="UTF-8"?>
<!-- Generated by org.testng.reporters.JUnitReportReporter -->
<testsuite skipped="0" hostname="DESKTOP-NP0C5JN" name="com.dollardays.testcases.HomeTestcase" tests="7" failures="0" timestamp="2020-09-11T18:05:30 MST" time="114.408" errors="0">
  <testcase name="tc_06_CheckPageTitle" time="12.094" classname="com.dollardays.testcases.HomeTestcase"/>
  <system-out/>
  <testcase name="tc_verfiySignInList" time="15.019" classname="com.dollardays.testcases.HomeTestcase"/>
  <system-out/>
  <testcase name="tc_verfiyWishList" time="19.165" classname="com.dollardays.testcases.HomeTestcase"/>
  <system-out/>
  <testcase name="tc_verfiySignInLogo" time="16.584" classname="com.dollardays.testcases.HomeTestcase"/>
  <system-out/>
  <testcase name="tc_verfiyCartLogo" time="11.054" classname="com.dollardays.testcases.HomeTestcase"/>
  <system-out/>
  <testcase name="tc_verfiyWishListLogo" time="20.840" classname="com.dollardays.testcases.HomeTestcase"/>
  <system-out/>
  <testcase name="tc_verfiyDdLogo" time="19.652" classname="com.dollardays.testcases.HomeTestcase"/>
  <system-out/>
</testsuite> <!-- com.dollardays.testcases.HomeTestcase -->
