<?xml version="1.0" encoding="UTF-8"?>
<!-- Generated by org.testng.reporters.JUnitReportReporter -->
<testsuite skipped="0" hostname="DESKTOP-NP0C5JN" name="com.dollardays.testcases.TestData" tests="2" failures="0" timestamp="2020-09-01T19:40:57 MST" time="0.010" errors="0">
  <testcase name="displaydata" time="0.009" classname="com.dollardays.testcases.TestData"/>
  <system-out/>
  <testcase name="displaydata" time="0.001" classname="com.dollardays.testcases.TestData"/>
  <system-out/>
</testsuite> <!-- com.dollardays.testcases.TestData -->
